{
"contracts\\PulseInvest.sol":{"l":{"22":15,"23":13,"30":23,"31":23,"32":23,"37":23,"38":21,"39":21,"44":9,"46":1,"47":1,"50":8,"51":8,"62":9,"63":8,"65":7,"66":7,"68":7,"69":3,"71":7,"72":4,"74":7,"76":7,"78":7,"92":4,"93":4,"94":2,"96":2,"98":2,"99":2,"101":2,"102":2,"104":2,"105":2,"107":2,"108":2,"110":2,"112":2,"114":2},"path":"C:\\Users\\erykp\\OneDrive\\Desktop\\Programy\\Projekty\\PLSI2\\contracts\\PulseInvest.sol","s":{"1":15,"2":23,"3":23,"4":23,"5":9,"6":9,"7":8,"8":7,"9":7,"10":7,"11":3,"12":7,"13":4,"14":7,"15":7,"16":7,"17":4,"18":4,"19":2,"20":2,"21":2,"22":2,"23":2,"24":2,"25":2,"26":2,"27":2,"28":2,"29":2,"30":2},"b":{"1":[13,2],"2":[23,0],"3":[23,0],"4":[21,2],"5":[1,8],"6":[9,2],"7":[8,1],"8":[7,1],"9":[3,4],"10":[4,3],"11":[4,0],"12":[2,2],"13":[2,0],"14":[2,0],"15":[2,0],"16":[2,0]},"f":{"1":15,"2":23,"3":23,"4":9,"5":9,"6":4},"fnMap":{"1":{"name":"onlyWhenTradingOpen","line":21,"loc":{"start":{"line":21,"column":4},"end":{"line":24,"column":4}}},"2":{"name":"constructor","line":28,"loc":{"start":{"line":26,"column":4},"end":{"line":33,"column":4}}},"3":{"name":"openTrading","line":36,"loc":{"start":{"line":36,"column":4},"end":{"line":40,"column":4}}},"4":{"name":"_calculateFees","line":43,"loc":{"start":{"line":43,"column":4},"end":{"line":53,"column":4}}},"5":{"name":"transfer","line":59,"loc":{"start":{"line":56,"column":4},"end":{"line":79,"column":4}}},"6":{"name":"transferFrom","line":89,"loc":{"start":{"line":82,"column":4},"end":{"line":115,"column":4}}}},"statementMap":{"1":{"start":{"line":22,"column":8},"end":{"line":22,"column":49}},"2":{"start":{"line":30,"column":8},"end":{"line":30,"column":74}},"3":{"start":{"line":32,"column":8},"end":{"line":32,"column":55}},"4":{"start":{"line":37,"column":8},"end":{"line":37,"column":48}},"5":{"start":{"line":44,"column":8},"end":{"line":44,"column":1642}},"6":{"start":{"line":62,"column":8},"end":{"line":62,"column":91}},"7":{"start":{"line":63,"column":8},"end":{"line":63,"column":71}},"8":{"start":{"line":65,"column":8},"end":{"line":65,"column":71}},"9":{"start":{"line":66,"column":8},"end":{"line":66,"column":56}},"10":{"start":{"line":68,"column":8},"end":{"line":68,"column":2529}},"11":{"start":{"line":69,"column":12},"end":{"line":69,"column":39}},"12":{"start":{"line":71,"column":8},"end":{"line":71,"column":2608}},"13":{"start":{"line":72,"column":12},"end":{"line":72,"column":57}},"14":{"start":{"line":74,"column":8},"end":{"line":74,"column":43}},"15":{"start":{"line":76,"column":8},"end":{"line":76,"column":57}},"16":{"start":{"line":78,"column":8},"end":{"line":78,"column":19}},"17":{"start":{"line":92,"column":8},"end":{"line":92,"column":55}},"18":{"start":{"line":93,"column":8},"end":{"line":93,"column":3165}},"19":{"start":{"line":96,"column":8},"end":{"line":96,"column":53}},"20":{"start":{"line":98,"column":8},"end":{"line":98,"column":83}},"21":{"start":{"line":99,"column":8},"end":{"line":99,"column":71}},"22":{"start":{"line":101,"column":8},"end":{"line":101,"column":71}},"23":{"start":{"line":102,"column":8},"end":{"line":102,"column":56}},"24":{"start":{"line":104,"column":8},"end":{"line":104,"column":3632}},"25":{"start":{"line":105,"column":12},"end":{"line":105,"column":31}},"26":{"start":{"line":107,"column":8},"end":{"line":107,"column":3703}},"27":{"start":{"line":108,"column":12},"end":{"line":108,"column":49}},"28":{"start":{"line":110,"column":8},"end":{"line":110,"column":35}},"29":{"start":{"line":112,"column":8},"end":{"line":112,"column":49}},"30":{"start":{"line":114,"column":8},"end":{"line":114,"column":19}}},"branchMap":{"1":{"line":22,"type":"if","locations":[{"start":{"line":22,"column":8},"end":{"line":22,"column":8}},{"start":{"line":22,"column":8},"end":{"line":22,"column":8}}]},"2":{"line":30,"type":"if","locations":[{"start":{"line":30,"column":8},"end":{"line":30,"column":8}},{"start":{"line":30,"column":8},"end":{"line":30,"column":8}}]},"3":{"line":36,"type":"if","locations":[{"start":{"line":36,"column":36},"end":{"line":36,"column":36}},{"start":{"line":36,"column":36},"end":{"line":36,"column":36}}]},"4":{"line":37,"type":"if","locations":[{"start":{"line":37,"column":8},"end":{"line":37,"column":8}},{"start":{"line":37,"column":8},"end":{"line":37,"column":8}}]},"5":{"line":44,"type":"if","locations":[{"start":{"line":44,"column":8},"end":{"line":44,"column":8}},{"start":{"line":44,"column":8},"end":{"line":44,"column":8}}]},"6":{"line":59,"type":"if","locations":[{"start":{"line":59,"column":8},"end":{"line":59,"column":8}},{"start":{"line":59,"column":8},"end":{"line":59,"column":8}}]},"7":{"line":62,"type":"if","locations":[{"start":{"line":62,"column":8},"end":{"line":62,"column":8}},{"start":{"line":62,"column":8},"end":{"line":62,"column":8}}]},"8":{"line":63,"type":"if","locations":[{"start":{"line":63,"column":8},"end":{"line":63,"column":8}},{"start":{"line":63,"column":8},"end":{"line":63,"column":8}}]},"9":{"line":68,"type":"if","locations":[{"start":{"line":68,"column":8},"end":{"line":68,"column":8}},{"start":{"line":68,"column":8},"end":{"line":68,"column":8}}]},"10":{"line":71,"type":"if","locations":[{"start":{"line":71,"column":8},"end":{"line":71,"column":8}},{"start":{"line":71,"column":8},"end":{"line":71,"column":8}}]},"11":{"line":89,"type":"if","locations":[{"start":{"line":89,"column":8},"end":{"line":89,"column":8}},{"start":{"line":89,"column":8},"end":{"line":89,"column":8}}]},"12":{"line":93,"type":"if","locations":[{"start":{"line":93,"column":8},"end":{"line":93,"column":8}},{"start":{"line":93,"column":8},"end":{"line":93,"column":8}}]},"13":{"line":98,"type":"if","locations":[{"start":{"line":98,"column":8},"end":{"line":98,"column":8}},{"start":{"line":98,"column":8},"end":{"line":98,"column":8}}]},"14":{"line":99,"type":"if","locations":[{"start":{"line":99,"column":8},"end":{"line":99,"column":8}},{"start":{"line":99,"column":8},"end":{"line":99,"column":8}}]},"15":{"line":104,"type":"if","locations":[{"start":{"line":104,"column":8},"end":{"line":104,"column":8}},{"start":{"line":104,"column":8},"end":{"line":104,"column":8}}]},"16":{"line":107,"type":"if","locations":[{"start":{"line":107,"column":8},"end":{"line":107,"column":8}},{"start":{"line":107,"column":8},"end":{"line":107,"column":8}}]}}}}
