TN:
SF:C:\Users\erykp\OneDrive\Desktop\Programy\Projekty\PLSI2\contracts\PulseInvest.sol
FN:21,onlyWhenTradingOpen
FN:28,constructor
FN:36,openTrading
FN:43,_calculateFees
FN:59,transfer
FN:89,transferFrom
FNF:6
FNH:6
FNDA:15,onlyWhenTradingOpen
FNDA:23,constructor
FNDA:23,openTrading
FNDA:9,_calculateFees
FNDA:9,transfer
FNDA:4,transferFrom
DA:22,15
DA:23,13
DA:30,23
DA:31,23
DA:32,23
DA:37,23
DA:38,21
DA:39,21
DA:44,9
DA:46,1
DA:47,1
DA:50,8
DA:51,8
DA:62,9
DA:63,8
DA:65,7
DA:66,7
DA:68,7
DA:69,3
DA:71,7
DA:72,4
DA:74,7
DA:76,7
DA:78,7
DA:92,4
DA:93,4
DA:94,2
DA:96,2
DA:98,2
DA:99,2
DA:101,2
DA:102,2
DA:104,2
DA:105,2
DA:107,2
DA:108,2
DA:110,2
DA:112,2
DA:114,2
LF:39
LH:39
BRDA:22,1,0,13
BRDA:22,1,1,2
BRDA:30,2,0,23
BRDA:30,2,1,0
BRDA:36,3,0,23
BRDA:36,3,1,0
BRDA:37,4,0,21
BRDA:37,4,1,2
BRDA:44,5,0,1
BRDA:44,5,1,8
BRDA:59,6,0,9
BRDA:59,6,1,2
BRDA:62,7,0,8
BRDA:62,7,1,1
BRDA:63,8,0,7
BRDA:63,8,1,1
BRDA:68,9,0,3
BRDA:68,9,1,4
BRDA:71,10,0,4
BRDA:71,10,1,3
BRDA:89,11,0,4
BRDA:89,11,1,0
BRDA:93,12,0,2
BRDA:93,12,1,2
BRDA:98,13,0,2
BRDA:98,13,1,0
BRDA:99,14,0,2
BRDA:99,14,1,0
BRDA:104,15,0,2
BRDA:104,15,1,0
BRDA:107,16,0,2
BRDA:107,16,1,0
BRF:32
BRH:25
end_of_record
